3460379 2014-01-10 00:09:29,388 [RouterThread] DEBUG   - Router::getNextMsg: I'm awake! getting next message...
3460379 2014-01-10 00:09:29,388 [RouterThread] INFO    - Routing query message
3460379 2014-01-10 00:09:29,388 [RouterThread] DEBUG   - no search receivers to fire the search message!
3460379 2014-01-10 00:09:29,388 [ConnectionThread] INFO    - MessageFactory created a query message
3460380 2014-01-10 00:09:29,389 [ConnectionThread] DEBUG   - Message constructor: Raw Message Bytes: [c0][a8][1][27][63][99][c2][d0][c5][1a][ee][15][c][7e][19][0][80][2][2][12][0][0][0]
3460380 2014-01-10 00:09:29,389 [ConnectionThread] DEBUG   - Message: payload size:18
3460380 2014-01-10 00:09:29,389 [ConnectionThread] DEBUG   - Message::getPayloadlength(): about to return:18
3460380 2014-01-10 00:09:29,389 [ConnectionThread] DEBUG   - Read message from 202.232.100.3 : GUID: [c0][a8][1][27][63][99][c2][d0][c5][1a][ee][15][c][7e][19][0]
QUERY message
Payload length: 18
Payload: 
[84][0][62][61][62][79][73][68][69][76][69][64][0][75][72][6e][3a][0]

3460380 2014-01-10 00:09:29,389 [ConnectionThread] DEBUG   - Router::route:new message enqueued
3460380 2014-01-10 00:09:29,389 [RouterThread] DEBUG   - Router::getNextMsg: I'm awake! getting next message...
3460380 2014-01-10 00:09:29,389 [RouterThread] INFO    - Routing query message
3460380 2014-01-10 00:09:29,389 [RouterThread] DEBUG   - no search receivers to fire the search message!
3460473 2014-01-10 00:09:29,482 [ConnectionStarter] DEBUG   - Sending greeting to : 153.177.166.180
3460855 2014-01-10 00:09:29,864 [ConnectionStarter] INFO    - Received greeting response: GNUTELLA/0.6 503 Not Good Leaf from host: 153.177.166.180
3460855 2014-01-10 00:09:29,864 [ConnectionStarter] INFO    - Adding host: 174.113.128.25:6346
3460855 2014-01-10 00:09:29,864 [ConnectionStarter] DEBUG   - HostCache: host already known: 108.50.216.38
3460855 2014-01-10 00:09:29,864 [ConnectionStarter] DEBUG   - HostCache: host already known: 68.40.217.95
3461073 2014-01-10 00:09:30,082 [OutgoingConnectionManager] INFO    - Live connection list start: 
3461073 2014-01-10 00:09:30,082 [OutgoingConnectionManager] DEBUG   - Live connection: 202.232.100.3 status:1
3461073 2014-01-10 00:09:30,082 [OutgoingConnectionManager] DEBUG   - Live connection: 81.88.121.215 status:0
3461073 2014-01-10 00:09:30,082 [OutgoingConnectionManager] DEBUG   - removing dead connection: 153.177.166.180
3461073 2014-01-10 00:09:30,082 [OutgoingConnectionManager] INFO    - Live connection list end
3461073 2014-01-10 00:09:30,082 [OutgoingConnectionManager] INFO    - 2 live connections 10 requested
3461073 2014-01-10 00:09:30,082 [OutgoingConnectionManager] INFO    - Connection control attempting a connection: 174.113.128.25:6346
3461368 2014-01-10 00:09:30,377 [IncomingConnectionManager] INFO    - Live connection list start: 
3461368 2014-01-10 00:09:30,377 [IncomingConnectionManager] INFO    - Live connection list end
3461374 2014-01-10 00:09:30,383 [ConnectionStarter] DEBUG   - Sending greeting to : 174.113.128.25
3461643 2014-01-10 00:09:30,652 [ConnectionStarter] INFO    - Received greeting response: GNUTELLA/0.6 503 Service unavailable from host: 174.113.128.25
3462073 2014-01-10 00:09:31,082 [OutgoingConnectionManager] INFO    - Live connection list start: 
3462073 2014-01-10 00:09:31,082 [OutgoingConnectionManager] DEBUG   - Live connection: 202.232.100.3 status:1
3462073 2014-01-10 00:09:31,082 [OutgoingConnectionManager] DEBUG   - Live connection: 81.88.121.215 status:0
3462073 2014-01-10 00:09:31,082 [OutgoingConnectionManager] DEBUG   - removing dead connection: 174.113.128.25
3462073 2014-01-10 00:09:31,082 [OutgoingConnectionManager] INFO    - Live connection list end
3462074 2014-01-10 00:09:31,083 [OutgoingConnectionManager] INFO    - 2 live connections 10 requested
3462074 2014-01-10 00:09:31,083 [OutgoingConnectionManager] INFO    - Connection control attempting a connection: 108.50.216.38:11833
3462369 2014-01-10 00:09:31,378 [IncomingConnectionManager] INFO    - Live connection list start: 
3462369 2014-01-10 00:09:31,378 [IncomingConnectionManager] INFO    - Live connection list end
3462374 2014-01-10 00:09:31,383 [ConnectionStarter] DEBUG   - Sending greeting to : 108.50.216.38
3462599 2014-01-10 00:09:31,608 [ConnectionStarter] INFO    - Received greeting response: GNUTELLA/0.6 503 Not Good Leaf from host: 108.50.216.38
3462600 2014-01-10 00:09:31,609 [ConnectionStarter] DEBUG   - HostCache: host already known: 68.40.217.95
3462600 2014-01-10 00:09:31,609 [ConnectionStarter] INFO    - Adding host: 24.58.246.171:16869
3462600 2014-01-10 00:09:31,609 [ConnectionStarter] INFO    - Adding host: 98.251.161.38:25925
3463074 2014-01-10 00:09:32,083 [OutgoingConnectionManager] INFO    - Live connection list start: 
3463074 2014-01-10 00:09:32,083 [OutgoingConnectionManager] DEBUG   - Live connection: 202.232.100.3 status:1
3463074 2014-01-10 00:09:32,083 [OutgoingConnectionManager] DEBUG   - Live connection: 81.88.121.215 status:0
3463074 2014-01-10 00:09:32,083 [OutgoingConnectionManager] DEBUG   - removing dead connection: 108.50.216.38
3463074 2014-01-10 00:09:32,083 [OutgoingConnectionManager] INFO    - Live connection list end
3463074 2014-01-10 00:09:32,083 [OutgoingConnectionManager] INFO    - 2 live connections 10 requested
3463074 2014-01-10 00:09:32,083 [OutgoingConnectionManager] INFO    - Connection control attempting a connection: 98.251.161.38:25925
3463275 2014-01-10 00:09:32,284 [ConnectionStarter] DEBUG   - Sending greeting to : 98.251.161.38
3463371 2014-01-10 00:09:32,380 [IncomingConnectionManager] INFO    - Live connection list start: 
3463371 2014-01-10 00:09:32,380 [IncomingConnectionManager] INFO    - Live connection list end
3463633 2014-01-10 00:09:32,642 [ConnectionStarter] INFO    - Received greeting response: GNUTELLA/0.6 503 Not Good Leaf from host: 98.251.161.38
3463633 2014-01-10 00:09:32,642 [ConnectionStarter] INFO    - Adding host: 78.231.137.115:3484
3464074 2014-01-10 00:09:33,083 [OutgoingConnectionManager] INFO    - Live connection list start: 
3464074 2014-01-10 00:09:33,083 [OutgoingConnectionManager] DEBUG   - Live connection: 202.232.100.3 status:1
3464074 2014-01-10 00:09:33,083 [OutgoingConnectionManager] DEBUG   - Live connection: 81.88.121.215 status:0
3464074 2014-01-10 00:09:33,083 [OutgoingConnectionManager] DEBUG   - removing dead connection: 98.251.161.38
3464074 2014-01-10 00:09:33,083 [OutgoingConnectionManager] INFO    - Live connection list end
3464074 2014-01-10 00:09:33,083 [OutgoingConnectionManager] INFO    - 2 live connections 10 requested
3464074 2014-01-10 00:09:33,083 [OutgoingConnectionManager] INFO    - Connection control attempting a connection: 78.231.137.115:3484
3464275 2014-01-10 00:09:33,284 [ConnectionStarter] DEBUG   - Sending greeting to : 78.231.137.115
3464371 2014-01-10 00:09:33,380 [IncomingConnectionManager] INFO    - Live connection list start: 
3464371 2014-01-10 00:09:33,380 [IncomingConnectionManager] INFO    - Live connection list end
3464446 2014-01-10 00:09:33,455 [ConnectionStarter] INFO    - Received greeting response: GNUTELLA/0.6 503 Not Good Leaf from host: 78.231.137.115
3464446 2014-01-10 00:09:33,455 [ConnectionStarter] INFO    - Adding host: 81.88.121.215:6346
3464585 2014-01-10 00:09:33,594 [ConnectionThread] INFO    - MessageFactory created a query message
3464585 2014-01-10 00:09:33,594 [ConnectionThread] DEBUG   - Message constructor: Raw Message Bytes: [c0][a8][1][27][6a][2d][d3][b6][d6][c0][4][e6][dc][b2][19][0][80][2][2][e][0][0][0]
3464585 2014-01-10 00:09:33,594 [ConnectionThread] DEBUG   - Message: payload size:14
3464585 2014-01-10 00:09:33,594 [ConnectionThread] DEBUG   - Message::getPayloadlength(): about to return:14
3464585 2014-01-10 00:09:33,594 [ConnectionThread] DEBUG   - Read message from 202.232.100.3 : GUID: [c0][a8][1][27][6a][2d][d3][b6][d6][c0][4][e6][dc][b2][19][0]
QUERY message
Payload length: 14
Payload: 
[84][0][71][71][61][61][7a][7a][0][75][72][6e][3a][0]

3464585 2014-01-10 00:09:33,594 [ConnectionThread] DEBUG   - Router::route:new message enqueued
3464585 2014-01-10 00:09:33,594 [RouterThread] DEBUG   - Router::getNextMsg: I'm awake! getting next message...
3464585 2014-01-10 00:09:33,594 [RouterThread] INFO    - Routing query message
3464585 2014-01-10 00:09:33,594 [RouterThread] DEBUG   - no search receivers to fire the search message!
3464585 2014-01-10 00:09:33,594 [ConnectionThread] INFO    - MessageFactory created a query message
3464585 2014-01-10 00:09:33,594 [ConnectionThread] DEBUG   - Message constructor: Raw Message Bytes: [32][3a][ee][83][d2][b1][2d][28][4c][77][ba][ae][76][58][1b][0][80][2][2][10][0][0][0]
3464585 2014-01-10 00:09:33,594 [ConnectionThread] DEBUG   - Message: payload size:16
3464585 2014-01-10 00:09:33,594 [ConnectionThread] DEBUG   - Message::getPayloadlength(): about to return:16
3464585 2014-01-10 00:09:33,594 [ConnectionThread] DEBUG   - Read message from 202.232.100.3 : GUID: [32][3a][ee][83][d2][b1][2d][28][4c][77][ba][ae][76][58][1b][0]
QUERY message
Payload length: 16
Payload: 
[84][0][68][75][73][73][79][66][61][6e][0][75][72][6e][3a][0]

3464585 2014-01-10 00:09:33,594 [ConnectionThread] DEBUG   - Router::route:new message enqueued
3464585 2014-01-10 00:09:33,594 [RouterThread] DEBUG   - Router::getNextMsg: I'm awake! getting next message...
3464585 2014-01-10 00:09:33,594 [RouterThread] INFO    - Routing query message
3464586 2014-01-10 00:09:33,595 [RouterThread] DEBUG   - no search receivers to fire the search message!
3464586 2014-01-10 00:09:33,595 [ConnectionThread] INFO    - MessageFactory created a query message
3464586 2014-01-10 00:09:33,595 [ConnectionThread] DEBUG   - Message constructor: Raw Message Bytes: [c0][a8][1][27][57][b0][68][68][f3][dd][82][98][4a][7e][19][0][80][2][2][14][0][0][0]
3464586 2014-01-10 00:09:33,595 [ConnectionThread] DEBUG   - Message: payload size:20
3464586 2014-01-10 00:09:33,595 [ConnectionThread] DEBUG   - Message::getPayloadlength(): about to return:20
3464586 2014-01-10 00:09:33,595 [ConnectionThread] DEBUG   - Read message from 202.232.100.3 : GUID: [c0][a8][1][27][57][b0][68][68][f3][dd][82][98][4a][7e][19][0]
QUERY message
Payload length: 20
Payload: 
[84][0][72][65][65][6c][6b][69][64][64][79][6d][6f][76][0][75][72][6e][3a][0]

3464586 2014-01-10 00:09:33,595 [ConnectionThread] DEBUG   - Router::route:new message enqueued
3464586 2014-01-10 00:09:33,595 [RouterThread] DEBUG   - Router::getNextMsg: I'm awake! getting next message...
3464586 2014-01-10 00:09:33,595 [RouterThread] INFO    - Routing query message
3464586 2014-01-10 00:09:33,595 [RouterThread] DEBUG   - no search receivers to fire the search message!
3464586 2014-01-10 00:09:33,595 [ConnectionThread] INFO    - MessageFactory created a query message
3464586 2014-01-10 00:09:33,595 [ConnectionThread] DEBUG   - Message constructor: Raw Message Bytes: [c0][a8][1][27][52][ab][98][c1][8f][f][a3][de][c9][7e][19][0][80][2][2][11][0][0][0]
3464586 2014-01-10 00:09:33,595 [ConnectionThread] DEBUG   - Message: payload size:17
3464586 2014-01-10 00:09:33,595 [ConnectionThread] DEBUG   - Message::getPayloadlength(): about to return:17
3464586 2014-01-10 00:09:33,595 [ConnectionThread] DEBUG   - Read message from 202.232.100.3 : GUID: [c0][a8][1][27][52][ab][98][c1][8f][f][a3][de][c9][7e][19][0]
QUERY message
Payload length: 17
Payload: 
[84][0][70][65][64][6f][66][69][6c][69][61][0][75][72][6e][3a][0]

3464586 2014-01-10 00:09:33,595 [ConnectionThread] DEBUG   - Router::route:new message enqueued
3464586 2014-01-10 00:09:33,595 [RouterThread] DEBUG   - Router::getNextMsg: I'm awake! getting next message...
3464586 2014-01-10 00:09:33,595 [RouterThread] INFO    - Routing query message
3464586 2014-01-10 00:09:33,595 [RouterThread] DEBUG   - no search receivers to fire the search message!
3464586 2014-01-10 00:09:33,595 [ConnectionThread] INFO    - MessageFactory created a query message
3464586 2014-01-10 00:09:33,595 [ConnectionThread] DEBUG   - Message constructor: Raw Message Bytes: [32][3a][ee][83][8f][e7][e3][cd][5f][29][c8][47][8][58][1b][0][80][2][2][16][0][0][0]
3464586 2014-01-10 00:09:33,595 [ConnectionThread] DEBUG   - Message: payload size:22
3464586 2014-01-10 00:09:33,595 [ConnectionThread] DEBUG   - Message::getPayloadlength(): about to return:22
3464586 2014-01-10 00:09:33,595 [ConnectionThread] DEBUG   - Read message from 202.232.100.3 : GUID: [32][3a][ee][83][8f][e7][e3][cd][5f][29][c8][47][8][58][1b][0]
QUERY message
Payload length: 22
Payload: 
[84][0][64][61][72][6b][63][6f][6c][6c][65][63][74][69][6f][6e][0][75][72][6e][3a][0]

3464586 2014-01-10 00:09:33,595 [ConnectionThread] DEBUG   - Router::route:new message enqueued
3464586 2014-01-10 00:09:33,595 [RouterThread] DEBUG   - Router::getNextMsg: I'm awake! getting next message...
3464586 2014-01-10 00:09:33,595 [RouterThread] INFO    - Routing query message
3464586 2014-01-10 00:09:33,595 [RouterThread] DEBUG   - no search receivers to fire the search message!
3464586 2014-01-10 00:09:33,595 [ConnectionThread] INFO    - MessageFactory created a query message
3464586 2014-01-10 00:09:33,595 [ConnectionThread] DEBUG   - Message constructor: Raw Message Bytes: [c0][a8][1][27][88][db][13][c4][12][85][88][d][fb][7e][19][0][80][2][2][f][0][0][0]
3464586 2014-01-10 00:09:33,595 [ConnectionThread] DEBUG   - Message: payload size:15
3464586 2014-01-10 00:09:33,595 [ConnectionThread] DEBUG   - Message::getPayloadlength(): about to return:15
3464586 2014-01-10 00:09:33,595 [ConnectionThread] DEBUG   - Read message from 202.232.100.3 : GUID: [c0][a8][1][27][88][db][13][c4][12][85][88][d][fb][7e][19][0]
QUERY message
Payload length: 15
Payload: 
[84][0][62][61][6d][62][69][6e][61][0][75][72][6e][3a][0]

3464586 2014-01-10 00:09:33,595 [ConnectionThread] DEBUG   - Router::route:new message enqueued
3464586 2014-01-10 00:09:33,595 [RouterThread] DEBUG   - Router::getNextMsg: I'm awake! getting next message...
3464586 2014-01-10 00:09:33,595 [RouterThread] INFO    - Routing query message
3464586 2014-01-10 00:09:33,595 [RouterThread] DEBUG   - no search receivers to fire the search message!
3464586 2014-01-10 00:09:33,595 [ConnectionThread] INFO    - MessageFactory created a query message
3464586 2014-01-10 00:09:33,595 [ConnectionThread] DEBUG   - Message constructor: Raw Message Bytes: [32][3a][ee][83][ab][5][2e][ce][80][4c][e5][12][fb][79][19][0][80][2][2][f][0][0][0]
3464586 2014-01-10 00:09:33,595 [ConnectionThread] DEBUG   - Message: payload size:15
3464586 2014-01-10 00:09:33,595 [ConnectionThread] DEBUG   - Message::getPayloadlength(): about to return:15
3464586 2014-01-10 00:09:33,595 [ConnectionThread] DEBUG   - Read message from 202.232.100.3 : GUID: [32][3a][ee][83][ab][5][2e][ce][80][4c][e5][12][fb][79][19][0]
QUERY message
Payload length: 15
Payload: 
[84][0][70][72][65][74][65][65][6e][0][75][72][6e][3a][0]

3464586 2014-01-10 00:09:33,595 [ConnectionThread] DEBUG   - Router::route:new message enqueued
3464586 2014-01-10 00:09:33,595 [RouterThread] DEBUG   - Router::getNextMsg: I'm awake! getting next message...
3464586 2014-01-10 00:09:33,595 [RouterThread] INFO    - Routing query message
3464586 2014-01-10 00:09:33,595 [RouterThread] DEBUG   - no search receivers to fire the search message!
3464586 2014-01-10 00:09:33,595 [ConnectionThread] INFO    - MessageFactory created a query message
3464586 2014-01-10 00:09:33,595 [ConnectionThread] DEBUG   - Message constructor: Raw Message Bytes: [32][3a][ee][83][35][c1][e2][c8][d0][ce][83][b][3f][58][1b][0][80][2][2][d][0][0][0]
3464586 2014-01-10 00:09:33,595 [ConnectionThread] DEBUG   - Message: payload size:13
3464586 2014-01-10 00:09:33,595 [ConnectionThread] DEBUG   - Message::getPayloadlength(): about to return:13
3464586 2014-01-10 00:09:33,595 [ConnectionThread] DEBUG   - Read message from 202.232.100.3 : GUID: [32][3a][ee][83][35][c1][e2][c8][d0][ce][83][b][3f][58][1b][0]
QUERY message
Payload length: 13
Payload: 
[84][0][6b][69][64][64][79][0][75][72][6e][3a][0]

3464586 2014-01-10 00:09:33,595 [ConnectionThread] DEBUG   - Router::route:new message enqueued
3464586 2014-01-10 00:09:33,595 [RouterThread] DEBUG   - Router::getNextMsg: I'm awake! getting next message...
3464586 2014-01-10 00:09:33,595 [RouterThread] INFO    - Routing query message
3464587 2014-01-10 00:09:33,596 [RouterThread] DEBUG   - no search receivers to fire the search message!
3464587 2014-01-10 00:09:33,596 [ConnectionThread] INFO    - MessageFactory created a query message
3464587 2014-01-10 00:09:33,596 [ConnectionThread] DEBUG   - Message constructor: Raw Message Bytes: [c0][a8][1][27][65][a1][82][98][ef][2][3d][e][db][b2][19][0][80][2][2][c][0][0][0]
3464587 2014-01-10 00:09:33,596 [ConnectionThread] DEBUG   - Message: payload size:12
3464587 2014-01-10 00:09:33,596 [ConnectionThread] DEBUG   - Message::getPayloadlength(): about to return:12
3464587 2014-01-10 00:09:33,596 [ConnectionThread] DEBUG   - Read message from 202.232.100.3 : GUID: [c0][a8][1][27][65][a1][82][98][ef][2][3d][e][db][b2][19][0]
QUERY message
Payload length: 12
Payload: 
[84][0][64][73][63][66][0][75][72][6e][3a][0]

3464587 2014-01-10 00:09:33,596 [ConnectionThread] DEBUG   - Router::route:new message enqueued
3464587 2014-01-10 00:09:33,596 [RouterThread] DEBUG   - Router::getNextMsg: I'm awake! getting next message...
3464587 2014-01-10 00:09:33,596 [RouterThread] INFO    - Routing query message
3464587 2014-01-10 00:09:33,596 [RouterThread] DEBUG   - no search receivers to fire the search message!
3464587 2014-01-10 00:09:33,596 [ConnectionThread] INFO    - MessageFactory created a query message
3464587 2014-01-10 00:09:33,596 [ConnectionThread] DEBUG   - Message constructor: Raw Message Bytes: [c0][a8][1][27][ce][d7][af][fd][3e][9e][5c][73][47][7e][19][0][80][2][2][c][0][0][0]
3464587 2014-01-10 00:09:33,596 [ConnectionThread] DEBUG   - Message: payload size:12
3464587 2014-01-10 00:09:33,596 [ConnectionThread] DEBUG   - Message::getPayloadlength(): about to return:12
3464587 2014-01-10 00:09:33,596 [ConnectionThread] DEBUG   - Read message from 202.232.100.3 : GUID: [c0][a8][1][27][ce][d7][af][fd][3e][9e][5c][73][47][7e][19][0]
QUERY message
Payload length: 12
Payload: 
[84][0][70][74][68][63][0][75][72][6e][3a][0]

3464587 2014-01-10 00:09:33,596 [ConnectionThread] DEBUG   - Router::route:new message enqueued
3464587 2014-01-10 00:09:33,596 [RouterThread] DEBUG   - Router::getNextMsg: I'm awake! getting next message...
3464587 2014-01-10 00:09:33,596 [RouterThread] INFO    - Routing query message
3464587 2014-01-10 00:09:33,596 [RouterThread] DEBUG   - no search receivers to fire the search message!
3464587 2014-01-10 00:09:33,596 [ConnectionThread] INFO    - MessageFactory created a query message
3464587 2014-01-10 00:09:33,596 [ConnectionThread] DEBUG   - Message constructor: Raw Message Bytes: [32][3a][ee][83][af][1b][ab][42][1a][74][36][a9][4e][79][19][0][80][2][2][10][0][0][0]
3464587 2014-01-10 00:09:33,596 [ConnectionThread] DEBUG   - Message: payload size:16
3464587 2014-01-10 00:09:33,596 [ConnectionThread] DEBUG   - Message::getPayloadlength(): about to return:16
3464587 2014-01-10 00:09:33,596 [ConnectionThread] DEBUG   - Read message from 202.232.100.3 : GUID: [32][3a][ee][83][af][1b][ab][42][1a][74][36][a9][4e][79][19][0]
QUERY message
Payload length: 16
Payload: 
[84][0][70][72][65][74][65][65][6e][7a][0][75][72][6e][3a][0]

3464587 2014-01-10 00:09:33,596 [ConnectionThread] DEBUG   - Router::route:new message enqueued
3464587 2014-01-10 00:09:33,596 [RouterThread] DEBUG   - Router::getNextMsg: I'm awake! getting next message...
3464587 2014-01-10 00:09:33,596 [RouterThread] INFO    - Routing query message
3464587 2014-01-10 00:09:33,596 [RouterThread] DEBUG   - no search receivers to fire the search message!
3464587 2014-01-10 00:09:33,596 [ConnectionThread] INFO    - MessageFactory created a query message
3464587 2014-01-10 00:09:33,596 [ConnectionThread] DEBUG   - Message constructor: Raw Message Bytes: [c0][a8][1][27][e3][79][a8][3][97][1a][bf][73][22][7e][19][0][80][2][2][a][0][0][0]
3464587 2014-01-10 00:09:33,596 [ConnectionThread] DEBUG   - Message: payload size:10
3464587 2014-01-10 00:09:33,596 [ConnectionThread] DEBUG   - Message::getPayloadlength(): about to return:10
3464587 2014-01-10 00:09:33,596 [ConnectionThread] DEBUG   - Read message from 202.232.100.3 : GUID: [c0][a8][1][27][e3][79][a8][3][97][1a][bf][73][22][7e][19][0]
QUERY message
Payload length: 10
Payload: 
[84][0][6b][73][0][75][72][6e][3a][0]

3464587 2014-01-10 00:09:33,596 [ConnectionThread] DEBUG   - Router::route:new message enqueued
3464587 2014-01-10 00:09:33,596 [RouterThread] DEBUG   - Router::getNextMsg: I'm awake! getting next message...
3464587 2014-01-10 00:09:33,596 [RouterThread] INFO    - Routing query message
3464587 2014-01-10 00:09:33,596 [RouterThread] DEBUG   - no search receivers to fire the search message!
3464587 2014-01-10 00:09:33,596 [ConnectionThread] INFO    - MessageFactory created a query message
3464587 2014-01-10 00:09:33,596 [ConnectionThread] DEBUG   - Message constructor: Raw Message Bytes: [db][35][e2][a4][52][f1][b5][a5][da][98][2c][11][72][e3][b1][0][80][1][2][f][0][0][0]
3464587 2014-01-10 00:09:33,596 [ConnectionThread] DEBUG   - Message: payload size:15
3464587 2014-01-10 00:09:33,596 [ConnectionThread] DEBUG   - Message::getPayloadlength(): about to return:15
3464587 2014-01-10 00:09:33,596 [ConnectionThread] DEBUG   - Read message from 202.232.100.3 : GUID: [db][35][e2][a4][52][f1][b5][a5][da][98][2c][11][72][e3][b1][0]
QUERY message
Payload length: 15
Payload: 
[e2][0][64][68][0][c3][2][50][52][40][82][53][4f][40][0]

3464587 2014-01-10 00:09:33,596 [ConnectionThread] DEBUG   - Router::route:new message enqueued
3464587 2014-01-10 00:09:33,596 [RouterThread] DEBUG   - Router::getNextMsg: I'm awake! getting next message...
3464587 2014-01-10 00:09:33,596 [RouterThread] INFO    - Routing query message
3464587 2014-01-10 00:09:33,596 [RouterThread] DEBUG   - no search receivers to fire the search message!
3464587 2014-01-10 00:09:33,596 [ConnectionThread] INFO    - MessageFactory created a query message
3464587 2014-01-10 00:09:33,596 [ConnectionThread] DEBUG   - Message constructor: Raw Message Bytes: [3a][3][9][79][5b][25][71][5][42][bf][cb][7f][e2][ca][18][0][80][1][2][f][0][0][0]
3464587 2014-01-10 00:09:33,596 [ConnectionThread] DEBUG   - Message: payload size:15
3464587 2014-01-10 00:09:33,596 [ConnectionThread] DEBUG   - Message::getPayloadlength(): about to return:15
3464587 2014-01-10 00:09:33,596 [ConnectionThread] DEBUG   - Read message from 202.232.100.3 : GUID: [3a][3][9][79][5b][25][71][5][42][bf][cb][7f][e2][ca][18][0]
QUERY message
Payload length: 15
Payload: 
[e2][0][63][73][0][c3][2][50][52][40][82][53][4f][40][0]

3464587 2014-01-10 00:09:33,596 [ConnectionThread] DEBUG   - Router::route:new message enqueued
3464587 2014-01-10 00:09:33,596 [RouterThread] DEBUG   - Router::getNextMsg: I'm awake! getting next message...
3464587 2014-01-10 00:09:33,596 [RouterThread] INFO    - Routing query message
3464588 2014-01-10 00:09:33,597 [RouterThread] DEBUG   - no search receivers to fire the search message!
3464588 2014-01-10 00:09:33,597 [ConnectionThread] INFO    - MessageFactory created a query message
3464588 2014-01-10 00:09:33,597 [ConnectionThread] DEBUG   - Message constructor: Raw Message Bytes: [44][be][45][2c][14][71][ed][45][8b][f2][e4][c6][74][e3][57][0][80][1][3][a5][0][0][0]
3464588 2014-01-10 00:09:33,597 [ConnectionThread] DEBUG   - Message: payload size:165
3464588 2014-01-10 00:09:33,597 [ConnectionThread] DEBUG   - Message::getPayloadlength(): about to return:165
3464588 2014-01-10 00:09:33,597 [ConnectionThread] DEBUG   - Read message from 202.232.100.3 : GUID: [44][be][45][2c][14][71][ed][45][8b][f2][e4][c6][74][e3][57][0]
QUERY message
Payload length: 165
Payload: 
[e2][0][70][68][61][72][72][65][6c][6c][0][3c][3f][78][6d][6c][20][76][65][72][73][69][6f][6e][3d][22][31][2e][30][22][3f][3e][3c][61][75][64][69][6f][73][20][78][73][69][3a][6e][6f][4e][61][6d][65][73][70][61][63][65][53][63][68][65][6d][61][4c][6f][63][61][74][69][6f][6e][3d][22][68][74][74][70][3a][2f][2f][77][77][77][2e][6c][69][6d][65][77][69][72][65][2e][63][6f][6d][2f][73][63][68][65][6d][61][73][2f][61][75][64][69][6f][2e][78][73][64][22][3e][3c][61][75][64][69][6f][20][61][72][74][69][73][74][3d][22][70][68][61][72][72][65][6c][6c][22][2f][3e][3c][2f][61][75][64][69][6f][73][3e][1c][75][72][6e][3a][1c][c3][1][4d][41][4][82][53][4f][40][0]

3464588 2014-01-10 00:09:33,597 [ConnectionThread] DEBUG   - Router::route:new message enqueued
3464588 2014-01-10 00:09:33,597 [RouterThread] DEBUG   - Router::getNextMsg: I'm awake! getting next message...
3464588 2014-01-10 00:09:33,597 [RouterThread] INFO    - Routing query message
3464588 2014-01-10 00:09:33,597 [RouterThread] DEBUG   - no search receivers to fire the search message!
3464588 2014-01-10 00:09:33,597 [ConnectionThread] INFO    - MessageFactory created a query message
3464588 2014-01-10 00:09:33,597 [ConnectionThread] DEBUG   - Message constructor: Raw Message Bytes: [26][c3][d5][f6][33][dd][48][5a][d][70][ba][a][60][e3][4d][0][80][3][1][b][0][0][0]
3464588 2014-01-10 00:09:33,597 [ConnectionThread] DEBUG   - Message: payload size:11
3464588 2014-01-10 00:09:33,597 [ConnectionThread] DEBUG   - Message::getPayloadlength(): about to return:11
3464588 2014-01-10 00:09:33,597 [ConnectionThread] DEBUG   - Read message from 202.232.100.3 : GUID: [26][c3][d5][f6][33][dd][48][5a][d][70][ba][a][60][e3][4d][0]
QUERY message
Payload length: 11
Payload: 
[e2][0][63][64][0][c3][82][50][52][40][0]

3464588 2014-01-10 00:09:33,597 [ConnectionThread] DEBUG   - Router::route:new message enqueued
3464588 2014-01-10 00:09:33,597 [RouterThread] DEBUG   - Router::getNextMsg: I'm awake! getting next message...
3464588 2014-01-10 00:09:33,597 [RouterThread] INFO    - Routing query message
3464588 2014-01-10 00:09:33,597 [RouterThread] DEBUG   - no search receivers to fire the search message!
3464588 2014-01-10 00:09:33,597 [ConnectionThread] INFO    - MessageFactory created a query message
3464588 2014-01-10 00:09:33,597 [ConnectionThread] DEBUG   - Message constructor: Raw Message Bytes: [b9][39][e9][29][3d][fd][6e][44][8b][b7][17][52][61][ba][8][7f][80][4][1][55][0][0][0]
3464588 2014-01-10 00:09:33,597 [ConnectionThread] DEBUG   - Message: payload size:85
3464588 2014-01-10 00:09:33,597 [ConnectionThread] DEBUG   - Message::getPayloadlength(): about to return:85
3465074 2014-01-10 00:09:34,083 [OutgoingConnectionManager] INFO    - Live connection list start: 
3465075 2014-01-10 00:09:34,084 [OutgoingConnectionManager] DEBUG   - Live connection: 202.232.100.3 status:1
3465075 2014-01-10 00:09:34,084 [OutgoingConnectionManager] DEBUG   - Live connection: 81.88.121.215 status:0
3465075 2014-01-10 00:09:34,084 [OutgoingConnectionManager] DEBUG   - removing dead connection: 78.231.137.115
3465075 2014-01-10 00:09:34,084 [OutgoingConnectionManager] INFO    - Live connection list end
3465075 2014-01-10 00:09:34,084 [OutgoingConnectionManager] INFO    - 2 live connections 10 requested
3465075 2014-01-10 00:09:34,084 [OutgoingConnectionManager] INFO    - Connection control attempting a connection: 81.88.121.215:6346
3465075 2014-01-10 00:09:34,084 [OutgoingConnectionManager] INFO    - Aborting start on duplicate host: 81.88.121.215:6346
3465373 2014-01-10 00:09:34,382 [IncomingConnectionManager] INFO    - Live connection list start: 
3465373 2014-01-10 00:09:34,382 [IncomingConnectionManager] INFO    - Live connection list end
3465835 2014-01-10 00:09:34,844 [KeepAliveThread] DEBUG   - Sending keep alive ping to: 202.232.100.3
3465835 2014-01-10 00:09:34,844 [KeepAliveThread] DEBUG   - Connection:: enqueued priority message of type + 0
3465835 2014-01-10 00:09:34,844 [AsyncSender] DEBUG   - AsyncSender awakens!
3465835 2014-01-10 00:09:34,844 [AsyncSender] INFO    - Sending message of type 0 to host 202.232.100.3
3465835 2014-01-10 00:09:34,844 [AsyncSender] DEBUG   - GUID: [bc][c5][56][6e][18][85][59][92][d5][59][94][4c][79][97][7b][b1]
PING message
Payload length: 0
Payload: 
No payload
3465835 2014-01-10 00:09:34,844 [AsyncSender] DEBUG   - AsyncSender waits for a new message!
3466075 2014-01-10 00:09:35,084 [OutgoingConnectionManager] INFO    - Live connection list start: 
3466075 2014-01-10 00:09:35,084 [OutgoingConnectionManager] DEBUG   - Live connection: 202.232.100.3 status:1
3466075 2014-01-10 00:09:35,084 [OutgoingConnectionManager] DEBUG   - Live connection: 81.88.121.215 status:0
3466075 2014-01-10 00:09:35,084 [OutgoingConnectionManager] INFO    - Live connection list end
3466075 2014-01-10 00:09:35,084 [OutgoingConnectionManager] INFO    - 2 live connections 10 requested
3466075 2014-01-10 00:09:35,084 [OutgoingConnectionManager] INFO    - Connection control attempting a connection: 24.58.246.171:16869
3466374 2014-01-10 00:09:35,383 [IncomingConnectionManager] INFO    - Live connection list start: 
3466374 2014-01-10 00:09:35,383 [IncomingConnectionManager] INFO    - Live connection list end
3467075 2014-01-10 00:09:36,084 [OutgoingConnectionManager] INFO    - Live connection list start: 
3467075 2014-01-10 00:09:36,084 [OutgoingConnectionManager] DEBUG   - Live connection: 202.232.100.3 status:1
3467075 2014-01-10 00:09:36,084 [OutgoingConnectionManager] DEBUG   - Live connection: 81.88.121.215 status:0
3467075 2014-01-10 00:09:36,084 [OutgoingConnectionManager] DEBUG   - Live connection: 24.58.246.171 status:0
3467075 2014-01-10 00:09:36,084 [OutgoingConnectionManager] INFO    - Live connection list end
3467075 2014-01-10 00:09:36,084 [OutgoingConnectionManager] INFO    - 3 live connections 10 requested
3467075 2014-01-10 00:09:36,084 [OutgoingConnectionManager] INFO    - Connection control attempting a connection: 106.160.104.188:6346
3467375 2014-01-10 00:09:36,384 [IncomingConnectionManager] INFO    - Live connection list start: 
3467375 2014-01-10 00:09:36,384 [IncomingConnectionManager] INFO    - Live connection list end
3468076 2014-01-10 00:09:37,085 [OutgoingConnectionManager] INFO    - Live connection list start: 
3468076 2014-01-10 00:09:37,085 [OutgoingConnectionManager] DEBUG   - Live connection: 202.232.100.3 status:1
3468076 2014-01-10 00:09:37,085 [OutgoingConnectionManager] DEBUG   - Live connection: 81.88.121.215 status:0
3468076 2014-01-10 00:09:37,085 [OutgoingConnectionManager] DEBUG   - Live connection: 24.58.246.171 status:0
3468076 2014-01-10 00:09:37,085 [OutgoingConnectionManager] DEBUG   - Live connection: 106.160.104.188 status:0
3468076 2014-01-10 00:09:37,085 [OutgoingConnectionManager] INFO    - Live connection list end
3468076 2014-01-10 00:09:37,085 [OutgoingConnectionManager] INFO    - 4 live connections 10 requested
3468076 2014-01-10 00:09:37,085 [OutgoingConnectionManager] INFO    - Connection control attempting a connection: 94.198.17.21:5318
3468191 2014-01-10 00:09:37,200 [ConnectionStarter] ERROR   - java.io.InterruptedIOException
3468277 2014-01-10 00:09:37,286 [ConnectionStarter] DEBUG   - Sending greeting to : 94.198.17.21
3468377 2014-01-10 00:09:37,386 [IncomingConnectionManager] INFO    - Live connection list start: 
3468377 2014-01-10 00:09:37,386 [IncomingConnectionManager] INFO    - Live connection list end
3468412 2014-01-10 00:09:37,421 [ConnectionStarter] INFO    - Received greeting response: GNUTELLA/0.6 550 Hostile IP address banned from host: 94.198.17.21
3468736 2014-01-10 00:09:37,745 [ConnectionThread] DEBUG   - Read message from 202.232.100.3 : GUID: [b9][39][e9][29][3d][fd][6e][44][8b][b7][17][52][61][ba][8][7f]
QUERY message
Payload length: 85
Payload: 
[98][0][61][73][20][64][72][75][67][67][65][64][20][67][68][62][20][73][61][6d][65][20][73][69][73][74][65][72][20][77][6d][76][0][75][72][6e][3a][65][64][32][6b][68][61][73][68][3a][39][61][36][31][32][39][37][62][31][37][61][33][32][37][64][64][63][37][65][65][35][31][65][63][33][31][35][31][36][64][35][64][1c][c3][82][50][52][40][0]

3468736 2014-01-10 00:09:37,745 [ConnectionThread] DEBUG   - Router::route:new message enqueued
3468736 2014-01-10 00:09:37,745 [RouterThread] DEBUG   - Router::getNextMsg: I'm awake! getting next message...
3468736 2014-01-10 00:09:37,745 [ConnectionThread] INFO    - MessageFactory created a query message
3468736 2014-01-10 00:09:37,745 [RouterThread] INFO    - Routing query message
3468736 2014-01-10 00:09:37,745 [ConnectionThread] DEBUG   - Message constructor: Raw Message Bytes: [21][1f][c9][d8][a0][3c][9a][42][bb][dc][74][b7][6a][9f][99][4e][80][4][1][90][0][0][0]
3468736 2014-01-10 00:09:37,745 [ConnectionThread] DEBUG   - Message: payload size:144
3468736 2014-01-10 00:09:37,745 [ConnectionThread] DEBUG   - Message::getPayloadlength(): about to return:144
3468736 2014-01-10 00:09:37,745 [RouterThread] DEBUG   - no search receivers to fire the search message!
3468737 2014-01-10 00:09:37,746 [ConnectionThread] DEBUG   - Read message from 202.232.100.3 : GUID: [21][1f][c9][d8][a0][3c][9a][42][bb][dc][74][b7][6a][9f][99][4e]
QUERY message
Payload length: 144
Payload: 
[b8][0][63][68][75][62][62][79][20][67][61][79][0][3c][3f][78][6d][6c][20][76][65][72][73][69][6f][6e][3d][22][31][2e][30][22][3f][3e][3c][76][69][64][65][6f][73][20][78][73][69][3a][6e][6f][4e][61][6d][65][73][70][61][63][65][53][63][68][65][6d][61][4c][6f][63][61][74][69][6f][6e][3d][22][68][74][74][70][3a][2f][2f][77][77][77][2e][6c][69][6d][65][77][69][72][65][2e][63][6f][6d][2f][73][63][68][65][6d][61][73][2f][76][69][64][65][6f][2e][78][73][64][22][3e][3c][76][69][64][65][6f][2f][3e][3c][2f][76][69][64][65][6f][73][3e][1c][c3][1][4d][41][8][82][50][52][40][0]

3468737 2014-01-10 00:09:37,746 [ConnectionThread] DEBUG   - Router::route:new message enqueued
3468737 2014-01-10 00:09:37,746 [RouterThread] DEBUG   - Router::getNextMsg: I'm awake! getting next message...
3468737 2014-01-10 00:09:37,746 [RouterThread] INFO    - Routing query message
3468737 2014-01-10 00:09:37,746 [RouterThread] DEBUG   - no search receivers to fire the search message!
3468737 2014-01-10 00:09:37,746 [ConnectionThread] INFO    - MessageFactory created a query message
3468737 2014-01-10 00:09:37,746 [ConnectionThread] DEBUG   - Message constructor: Raw Message Bytes: [fd][bf][85][6][73][31][a7][e0][d1][37][f2][68][81][83][2f][0][80][4][1][b][0][0][0]
3468737 2014-01-10 00:09:37,746 [ConnectionThread] DEBUG   - Message: payload size:11
3468737 2014-01-10 00:09:37,746 [ConnectionThread] DEBUG   - Message::getPayloadlength(): about to return:11
3468737 2014-01-10 00:09:37,746 [ConnectionThread] DEBUG   - Read message from 202.232.100.3 : GUID: [fd][bf][85][6][73][31][a7][e0][d1][37][f2][68][81][83][2f][0]
QUERY message
Payload length: 11
Payload: 
[e2][0][64][6f][0][c3][82][50][52][40][0]

3468737 2014-01-10 00:09:37,746 [ConnectionThread] DEBUG   - Router::route:new message enqueued
3468737 2014-01-10 00:09:37,746 [RouterThread] DEBUG   - Router::getNextMsg: I'm awake! getting next message...
3468737 2014-01-10 00:09:37,746 [RouterThread] INFO    - Routing query message
3468738 2014-01-10 00:09:37,747 [RouterThread] DEBUG   - no search receivers to fire the search message!
3468738 2014-01-10 00:09:37,747 [ConnectionThread] INFO    - MessageFactory created a query message
3468738 2014-01-10 00:09:37,747 [ConnectionThread] DEBUG   - Message constructor: Raw Message Bytes: [c0][a8][1][27][2e][81][dd][44][e3][ca][e1][48][58][7c][19][0][80][2][2][c][0][0][0]
3468738 2014-01-10 00:09:37,747 [ConnectionThread] DEBUG   - Message: payload size:12
3468738 2014-01-10 00:09:37,747 [ConnectionThread] DEBUG   - Message::getPayloadlength(): about to return:12
3468738 2014-01-10 00:09:37,747 [ConnectionThread] DEBUG   - Read message from 202.232.100.3 : GUID: [c0][a8][1][27][2e][81][dd][44][e3][ca][e1][48][58][7c][19][0]
QUERY message
Payload length: 12
Payload: 
[84][0][62][61][62][79][0][75][72][6e][3a][0]

3468738 2014-01-10 00:09:37,747 [ConnectionThread] DEBUG   - Router::route:new message enqueued
3468738 2014-01-10 00:09:37,747 [RouterThread] DEBUG   - Router::getNextMsg: I'm awake! getting next message...
3468738 2014-01-10 00:09:37,747 [RouterThread] INFO    - Routing query message
3468738 2014-01-10 00:09:37,747 [RouterThread] DEBUG   - no search receivers to fire the search message!
3468738 2014-01-10 00:09:37,747 [ConnectionThread] INFO    - MessageFactory created a query message
3468738 2014-01-10 00:09:37,747 [ConnectionThread] DEBUG   - Message constructor: Raw Message Bytes: [c0][a8][1][27][df][5e][82][99][73][c3][4][6b][d2][7c][19][0][80][2][2][f][0][0][0]
3468738 2014-01-10 00:09:37,747 [ConnectionThread] DEBUG   - Message: payload size:15
3468738 2014-01-10 00:09:37,747 [ConnectionThread] DEBUG   - Message::getPayloadlength(): about to return:15
3468738 2014-01-10 00:09:37,747 [ConnectionThread] DEBUG   - Read message from 202.232.100.3 : GUID: [c0][a8][1][27][df][5e][82][99][73][c3][4][6b][d2][7c][19][0]
QUERY message
Payload length: 15
Payload: 
[84][0][72][40][79][67][6f][6c][64][0][75][72][6e][3a][0]

3468738 2014-01-10 00:09:37,747 [ConnectionThread] DEBUG   - Router::route:new message enqueued
3468738 2014-01-10 00:09:37,747 [RouterThread] DEBUG   - Router::getNextMsg: I'm awake! getting next message...
3468738 2014-01-10 00:09:37,747 [RouterThread] INFO    - Routing query message
3468738 2014-01-10 00:09:37,747 [RouterThread] DEBUG   - no search receivers to fire the search message!
3468738 2014-01-10 00:09:37,747 [ConnectionThread] INFO    - MessageFactory created a query message
3468738 2014-01-10 00:09:37,747 [ConnectionThread] DEBUG   - Message constructor: Raw Message Bytes: [c0][a8][1][27][1e][5a][ce][2f][a3][74][d5][fb][7b][7c][19][0][80][2][2][f][0][0][0]
3468738 2014-01-10 00:09:37,747 [ConnectionThread] DEBUG   - Message: payload size:15
3468739 2014-01-10 00:09:37,748 [ConnectionThread] DEBUG   - Message::getPayloadlength(): about to return:15
3468739 2014-01-10 00:09:37,748 [ConnectionThread] DEBUG   - Read message from 202.232.100.3 : GUID: [c0][a8][1][27][1e][5a][ce][2f][a3][74][d5][fb][7b][7c][19][0]
QUERY message
Payload length: 15
Payload: 
[84][0][74][61][72][62][65][6c][6c][0][75][72][6e][3a][0]

3468739 2014-01-10 00:09:37,748 [ConnectionThread] DEBUG   - Router::route:new message enqueued
3468739 2014-01-10 00:09:37,748 [RouterThread] DEBUG   - Router::getNextMsg: I'm awake! getting next message...
3468739 2014-01-10 00:09:37,748 [RouterThread] INFO    - Routing query message
3468739 2014-01-10 00:09:37,748 [RouterThread] DEBUG   - no search receivers to fire the search message!
3468739 2014-01-10 00:09:37,748 [ConnectionThread] INFO    - MessageFactory created a query message
3468739 2014-01-10 00:09:37,748 [ConnectionThread] DEBUG   - Message constructor: Raw Message Bytes: [c0][a8][1][27][e7][cf][99][28][4b][19][5f][4f][c8][7c][19][0][80][2][2][e][0][0][0]
3468739 2014-01-10 00:09:37,748 [ConnectionThread] DEBUG   - Message: payload size:14
3468739 2014-01-10 00:09:37,748 [ConnectionThread] DEBUG   - Message::getPayloadlength(): about to return:14
3468739 2014-01-10 00:09:37,748 [ConnectionThread] DEBUG   - Read message from 202.232.100.3 : GUID: [c0][a8][1][27][e7][cf][99][28][4b][19][5f][4f][c8][7c][19][0]
QUERY message
Payload length: 14
Payload: 
[84][0][69][6e][63][65][73][74][0][75][72][6e][3a][0]

3468739 2014-01-10 00:09:37,748 [ConnectionThread] DEBUG   - Router::route:new message enqueued
3468739 2014-01-10 00:09:37,748 [RouterThread] DEBUG   - Router::getNextMsg: I'm awake! getting next message...
3468739 2014-01-10 00:09:37,748 [RouterThread] INFO    - Routing query message
3468739 2014-01-10 00:09:37,748 [RouterThread] DEBUG   - no search receivers to fire the search message!
3468739 2014-01-10 00:09:37,748 [ConnectionThread] INFO    - MessageFactory created a query message
3468739 2014-01-10 00:09:37,748 [ConnectionThread] DEBUG   - Message constructor: Raw Message Bytes: [c0][a8][1][27][da][cf][2][cb][33][83][f6][f][29][7c][19][0][80][2][2][f][0][0][0]
3468739 2014-01-10 00:09:37,748 [ConnectionThread] DEBUG   - Message: payload size:15
3468739 2014-01-10 00:09:37,748 [ConnectionThread] DEBUG   - Message::getPayloadlength(): about to return:15
3468739 2014-01-10 00:09:37,748 [ConnectionThread] DEBUG   - Read message from 202.232.100.3 : GUID: [c0][a8][1][27][da][cf][2][cb][33][83][f6][f][29][7c][19][0]
QUERY message
Payload length: 15
Payload: 
[84][0][70][72][65][74][65][65][6e][0][75][72][6e][3a][0]

3468740 2014-01-10 00:09:37,749 [ConnectionThread] DEBUG   - Router::route:new message enqueued
3468740 2014-01-10 00:09:37,749 [RouterThread] DEBUG   - Router::getNextMsg: I'm awake! getting next message...
3468740 2014-01-10 00:09:37,749 [RouterThread] INFO    - Routing query message
3468740 2014-01-10 00:09:37,749 [RouterThread] DEBUG   - no search receivers to fire the search message!
3468740 2014-01-10 00:09:37,749 [ConnectionThread] INFO    - MessageFactory created a query message
3468740 2014-01-10 00:09:37,749 [ConnectionThread] DEBUG   - Message constructor: Raw Message Bytes: [c0][a8][1][27][d4][89][6b][c8][9d][69][a6][83][18][7c][19][0][80][2][2][10][0][0][0]
3468740 2014-01-10 00:09:37,749 [ConnectionThread] DEBUG   - Message: payload size:16
3468740 2014-01-10 00:09:37,749 [ConnectionThread] DEBUG   - Message::getPayloadlength(): about to return:16
3468740 2014-01-10 00:09:37,749 [ConnectionThread] DEBUG   - Read message from 202.232.100.3 : GUID: [c0][a8][1][27][d4][89][6b][c8][9d][69][a6][83][18][7c][19][0]
QUERY message
Payload length: 16
Payload: 
[84][0][70][72][65][74][65][65][6e][7a][0][75][72][6e][3a][0]

3468740 2014-01-10 00:09:37,749 [ConnectionThread] DEBUG   - Router::route:new message enqueued
3468740 2014-01-10 00:09:37,749 [RouterThread] DEBUG   - Router::getNextMsg: I'm awake! getting next message...
3468740 2014-01-10 00:09:37,749 [RouterThread] INFO    - Routing query message
3468740 2014-01-10 00:09:37,749 [RouterThread] DEBUG   - no search receivers to fire the search message!
3468740 2014-01-10 00:09:37,749 [ConnectionThread] INFO    - MessageFactory created a query message
3468740 2014-01-10 00:09:37,749 [ConnectionThread] DEBUG   - Message constructor: Raw Message Bytes: [c0][a8][1][27][37][97][92][b3][14][df][46][50][2e][7c][19][0][80][2][2][c][0][0][0]
3468740 2014-01-10 00:09:37,749 [ConnectionThread] DEBUG   - Message: payload size:12
3468740 2014-01-10 00:09:37,749 [ConnectionThread] DEBUG   - Message::getPayloadlength(): about to return:12
3468740 2014-01-10 00:09:37,749 [ConnectionThread] DEBUG   - Read message from 202.232.100.3 : GUID: [c0][a8][1][27][37][97][92][b3][14][df][46][50][2e][7c][19][0]
QUERY message
Payload length: 12
Payload: 
[84][0][70][74][6e][6e][0][75][72][6e][3a][0]

3468740 2014-01-10 00:09:37,749 [ConnectionThread] DEBUG   - Router::route:new message enqueued
3468741 2014-01-10 00:09:37,750 [RouterThread] DEBUG   - Router::getNextMsg: I'm awake! getting next message...
3468741 2014-01-10 00:09:37,750 [RouterThread] INFO    - Routing query message
3468741 2014-01-10 00:09:37,750 [RouterThread] DEBUG   - no search receivers to fire the search message!
3468741 2014-01-10 00:09:37,750 [ConnectionThread] INFO    - MessageFactory created a query message
3468741 2014-01-10 00:09:37,750 [ConnectionThread] DEBUG   - Message constructor: Raw Message Bytes: [c0][a8][1][27][88][cb][32][17][af][89][3e][b4][fc][ac][19][0][80][2][2][a][0][0][0]
3468741 2014-01-10 00:09:37,750 [ConnectionThread] DEBUG   - Message: payload size:10
3468741 2014-01-10 00:09:37,750 [ConnectionThread] DEBUG   - Message::getPayloadlength(): about to return:10
3468741 2014-01-10 00:09:37,750 [ConnectionThread] DEBUG   - Read message from 202.232.100.3 : GUID: [c0][a8][1][27][88][cb][32][17][af][89][3e][b4][fc][ac][19][0]
QUERY message
Payload length: 10
Payload: 
[84][0][6b][73][0][75][72][6e][3a][0]

3468741 2014-01-10 00:09:37,750 [ConnectionThread] DEBUG   - Router::route:new message enqueued
3468741 2014-01-10 00:09:37,750 [RouterThread] DEBUG   - Router::getNextMsg: I'm awake! getting next message...
3468741 2014-01-10 00:09:37,750 [RouterThread] INFO    - Routing query message
3468741 2014-01-10 00:09:37,750 [RouterThread] DEBUG   - no search receivers to fire the search message!
3468741 2014-01-10 00:09:37,750 [ConnectionThread] INFO    - MessageFactory created a query message
3468741 2014-01-10 00:09:37,750 [ConnectionThread] DEBUG   - Message constructor: Raw Message Bytes: [32][3a][ee][83][16][c7][4a][e2][68][12][9a][ce][a0][58][1b][0][80][2][2][f][0][0][0]
3468741 2014-01-10 00:09:37,750 [ConnectionThread] DEBUG   - Message: payload size:15
3468741 2014-01-10 00:09:37,750 [ConnectionThread] DEBUG   - Message::getPayloadlength(): about to return:15
3468741 2014-01-10 00:09:37,750 [ConnectionThread] DEBUG   - Read message from 202.232.100.3 : GUID: [32][3a][ee][83][16][c7][4a][e2][68][12][9a][ce][a0][58][1b][0]
QUERY message
Payload length: 15
Payload: 
[84][0][72][40][79][67][6f][6c][64][0][75][72][6e][3a][0]

3468741 2014-01-10 00:09:37,750 [ConnectionThread] DEBUG   - Router::route:new message enqueued
3468741 2014-01-10 00:09:37,750 [RouterThread] DEBUG   - Router::getNextMsg: I'm awake! getting next message...
3468741 2014-01-10 00:09:37,750 [RouterThread] INFO    - Routing query message
3468742 2014-01-10 00:09:37,751 [RouterThread] DEBUG   - no search receivers to fire the search message!
3468742 2014-01-10 00:09:37,751 [ConnectionThread] INFO    - MessageFactory created a query message
3468742 2014-01-10 00:09:37,751 [ConnectionThread] DEBUG   - Message constructor: Raw Message Bytes: [c0][a8][1][27][9f][5d][d5][5f][73][be][d][c9][f1][ac][19][0][80][2][2][b][0][0][0]
3468742 2014-01-10 00:09:37,751 [ConnectionThread] DEBUG   - Message: payload size:11
3468742 2014-01-10 00:09:37,751 [ConnectionThread] DEBUG   - Message::getPayloadlength(): about to return:11
3468742 2014-01-10 00:09:37,751 [ConnectionThread] DEBUG   - Read message from 202.232.100.3 : GUID: [c0][a8][1][27][9f][5d][d5][5f][73][be][d][c9][f1][ac][19][0]
QUERY message
Payload length: 11
Payload: 
[84][0][66][6b][6b][0][75][72][6e][3a][0]

3468742 2014-01-10 00:09:37,751 [ConnectionThread] DEBUG   - Router::route:new message enqueued
3468742 2014-01-10 00:09:37,751 [RouterThread] DEBUG   - Router::getNextMsg: I'm awake! getting next message...
3468742 2014-01-10 00:09:37,751 [RouterThread] INFO    - Routing query message
3468742 2014-01-10 00:09:37,751 [RouterThread] DEBUG   - no search receivers to fire the search message!
3468742 2014-01-10 00:09:37,751 [ConnectionThread] INFO    - MessageFactory created a query message
3468742 2014-01-10 00:09:37,751 [ConnectionThread] DEBUG   - Message constructor: Raw Message Bytes: [db][35][e2][a4][74][5d][88][8d][94][bd][36][16][f4][e3][b1][0][80][2][2][f][0][0][0]
3468742 2014-01-10 00:09:37,751 [ConnectionThread] DEBUG   - Message: payload size:15
3468742 2014-01-10 00:09:37,751 [ConnectionThread] DEBUG   - Message::getPayloadlength(): about to return:15
3468742 2014-01-10 00:09:37,751 [ConnectionThread] DEBUG   - Read message from 202.232.100.3 : GUID: [db][35][e2][a4][74][5d][88][8d][94][bd][36][16][f4][e3][b1][0]
QUERY message
Payload length: 15
Payload: 
[e2][0][72][39][0][c3][2][50][52][40][82][53][4f][40][0]

3468742 2014-01-10 00:09:37,751 [ConnectionThread] DEBUG   - Router::route:new message enqueued
3468742 2014-01-10 00:09:37,751 [RouterThread] DEBUG   - Router::getNextMsg: I'm awake! getting next message...
3468742 2014-01-10 00:09:37,751 [RouterThread] INFO    - Routing query message
3468742 2014-01-10 00:09:37,751 [RouterThread] DEBUG   - no search receivers to fire the search message!
3468742 2014-01-10 00:09:37,751 [ConnectionThread] INFO    - MessageFactory created a query message
3468744 2014-01-10 00:09:37,753 [ConnectionThread] DEBUG   - Message constructor: Raw Message Bytes: [3a][3][9][79][cb][b][5b][a1][b4][42][a3][4b][87][ca][18][0][80][1][2][f][0][0][0]
3468744 2014-01-10 00:09:37,753 [ConnectionThread] DEBUG   - Message: payload size:15
3468744 2014-01-10 00:09:37,753 [ConnectionThread] DEBUG   - Message::getPayloadlength(): about to return:15
3468744 2014-01-10 00:09:37,753 [ConnectionThread] DEBUG   - Read message from 202.232.100.3 : GUID: [3a][3][9][79][cb][b][5b][a1][b4][42][a3][4b][87][ca][18][0]
QUERY message
Payload length: 15
Payload: 
[e2][0][7a][69][0][c3][2][50][52][40][82][53][4f][40][0]

3468744 2014-01-10 00:09:37,753 [ConnectionThread] DEBUG   - Router::route:new message enqueued
3468744 2014-01-10 00:09:37,753 [RouterThread] DEBUG   - Router::getNextMsg: I'm awake! getting next message...
3468744 2014-01-10 00:09:37,753 [RouterThread] INFO    - Routing query message
3468744 2014-01-10 00:09:37,753 [ConnectionThread] INFO    - MessageFactory created a ping message
3468744 2014-01-10 00:09:37,753 [RouterThread] DEBUG   - no search receivers to fire the search message!
3468744 2014-01-10 00:09:37,753 [ConnectionThread] DEBUG   - Message constructor: Raw Message Bytes: [40][26][5b][c9][9d][b0][14][cb][f7][f3][67][e3][d4][12][ef][0][0][3][0][9][0][0][0]
3468744 2014-01-10 00:09:37,753 [ConnectionThread] DEBUG   - Message: payload size:9
3468744 2014-01-10 00:09:37,753 [ConnectionThread] DEBUG   - Message::getPayloadlength(): about to return:9
3468744 2014-01-10 00:09:37,753 [ConnectionThread] DEBUG   - Read message from 202.232.100.3 : GUID: [40][26][5b][c9][9d][b0][14][cb][f7][f3][67][e3][d4][12][ef][0]
PING message
Payload length: 9
Payload: 
[c3][83][4c][4f][43][42][6a][61][0]

3468744 2014-01-10 00:09:37,753 [ConnectionThread] DEBUG   - Router::route:new message enqueued
3468744 2014-01-10 00:09:37,753 [ConnectionThread] INFO    - Responding to ping
3468744 2014-01-10 00:09:37,753 [RouterThread] DEBUG   - Router::getNextMsg: I'm awake! getting next message...
3468744 2014-01-10 00:09:37,753 [RouterThread] INFO    - Routing ping message
3468744 2014-01-10 00:09:37,753 [ConnectionThread] DEBUG   - Pong to:127.0.1.1:49000
3468744 2014-01-10 00:09:37,753 [ConnectionThread] DEBUG   - About to enqueue message GUID: [40][26][5b][c9][9d][b0][14][cb][f7][f3][67][e3][d4][12][ef][0]
PONG message
Payload length: 14
Payload: 
[68][ffffffbf][7f][0][1][1][0][0][0][0][0][0][0][0]

3468744 2014-01-10 00:09:37,753 [ConnectionThread] DEBUG   - Connection:: enqueued non-priority message of type + 1
3468744 2014-01-10 00:09:37,753 [AsyncSender] DEBUG   - AsyncSender awakens!
3468744 2014-01-10 00:09:37,753 [AsyncSender] INFO    - Sending message of type 1 to host 202.232.100.3
3468744 2014-01-10 00:09:37,753 [ConnectionThread] INFO    - MessageFactory created a query message
3468744 2014-01-10 00:09:37,753 [AsyncSender] DEBUG   - GUID: [40][26][5b][c9][9d][b0][14][cb][f7][f3][67][e3][d4][12][ef][0]
PONG message
Payload length: 14
Payload: 
[68][ffffffbf][7f][0][1][1][0][0][0][0][0][0][0][0]

3468744 2014-01-10 00:09:37,753 [ConnectionThread] DEBUG   - Message constructor: Raw Message Bytes: [c8][32][f5][32][d9][82][8a][fd][c0][81][32][f0][8e][5f][96][0][80][4][1][b][0][0][0]
3468744 2014-01-10 00:09:37,753 [ConnectionThread] DEBUG   - Message: payload size:11
3468744 2014-01-10 00:09:37,753 [ConnectionThread] DEBUG   - Message::getPayloadlength(): about to return:11
3468744 2014-01-10 00:09:37,753 [AsyncSender] DEBUG   - AsyncSender waits for a new message!
3468745 2014-01-10 00:09:37,754 [ConnectionThread] DEBUG   - Read message from 202.232.100.3 : GUID: [c8][32][f5][32][d9][82][8a][fd][c0][81][32][f0][8e][5f][96][0]
QUERY message
Payload length: 11
Payload: 
[e2][0][61][76][0][c3][82][50][52][40][0]

3468745 2014-01-10 00:09:37,754 [ConnectionThread] DEBUG   - Router::route:new message enqueued
3468745 2014-01-10 00:09:37,754 [RouterThread] DEBUG   - Router::getNextMsg: I'm awake! getting next message...
3468745 2014-01-10 00:09:37,754 [RouterThread] INFO    - Routing query message
3468745 2014-01-10 00:09:37,754 [ConnectionThread] INFO    - MessageFactory created a query message
3468745 2014-01-10 00:09:37,754 [RouterThread] DEBUG   - no search receivers to fire the search message!
3468745 2014-01-10 00:09:37,754 [ConnectionThread] DEBUG   - Message constructor: Raw Message Bytes: [8c][3][54][e8][cb][b][5b][a1][b4][42][a3][4b][87][10][4d][0][80][4][1][b][0][0][0]
3468745 2014-01-10 00:09:37,754 [ConnectionThread] DEBUG   - Message: payload size:11
3468745 2014-01-10 00:09:37,754 [ConnectionThread] DEBUG   - Message::getPayloadlength(): about to return:11
3469076 2014-01-10 00:09:38,085 [OutgoingConnectionManager] INFO    - Live connection list start: 
3469077 2014-01-10 00:09:38,086 [OutgoingConnectionManager] DEBUG   - Live connection: 202.232.100.3 status:1
3469077 2014-01-10 00:09:38,086 [OutgoingConnectionManager] DEBUG   - removing dead connection: 81.88.121.215
3469077 2014-01-10 00:09:38,086 [OutgoingConnectionManager] DEBUG   - Live connection: 24.58.246.171 status:0
3469077 2014-01-10 00:09:38,086 [OutgoingConnectionManager] DEBUG   - Live connection: 106.160.104.188 status:0
3469077 2014-01-10 00:09:38,086 [OutgoingConnectionManager] DEBUG   - removing dead connection: 94.198.17.21
3469077 2014-01-10 00:09:38,086 [OutgoingConnectionManager] INFO    - Live connection list end
3469077 2014-01-10 00:09:38,086 [OutgoingConnectionManager] INFO    - 3 live connections 10 requested
3469077 2014-01-10 00:09:38,086 [OutgoingConnectionManager] INFO    - Connection control attempting a connection: 99.249.147.8:5322
3469377 2014-01-10 00:09:38,386 [IncomingConnectionManager] INFO    - Live connection list start: 
3469378 2014-01-10 00:09:38,387 [IncomingConnectionManager] INFO    - Live connection list end
3469378 2014-01-10 00:09:38,387 [ConnectionStarter] DEBUG   - Sending greeting to : 99.249.147.8
